{
  "/home/andre/personal-projects/turma-de-elite-frontend/src/polyfills.ts": {
    "path": "/home/andre/personal-projects/turma-de-elite-frontend/src/polyfills.ts",
    "statementMap": {},
    "fnMap": {},
    "branchMap": {},
    "s": {},
    "f": {},
    "b": {},
    "_coverageSchema": "332fd63041d2c1bcb487cc26dd0d5f7d97098a6c",
    "hash": "013bab4fa4fb5621064de548d254458a0be360a4"
  },
  "/home/andre/personal-projects/turma-de-elite-frontend/src/app/shared/services/local-data.service.ts": {
    "path": "/home/andre/personal-projects/turma-de-elite-frontend/src/app/shared/services/local-data.service.ts",
    "statementMap": {
      "0": {
        "start": {
          "line": 2,
          "column": 44
        },
        "end": {
          "line": 12,
          "column": 4
        }
      },
      "1": {
        "start": {
          "line": 6,
          "column": 12
        },
        "end": {
          "line": 6,
          "column": 52
        }
      },
      "2": {
        "start": {
          "line": 9,
          "column": 4
        },
        "end": {
          "line": 9,
          "column": 107
        }
      },
      "3": {
        "start": {
          "line": 9,
          "column": 67
        },
        "end": {
          "line": 9,
          "column": 104
        }
      },
      "4": {
        "start": {
          "line": 10,
          "column": 4
        },
        "end": {
          "line": 10,
          "column": 146
        }
      },
      "5": {
        "start": {
          "line": 11,
          "column": 4
        },
        "end": {
          "line": 11,
          "column": 28
        }
      }
    },
    "fnMap": {
      "0": {
        "name": "(anonymous_0)",
        "decl": {
          "start": {
            "line": 2,
            "column": 45
          },
          "end": {
            "line": 2,
            "column": 46
          }
        },
        "loc": {
          "start": {
            "line": 2,
            "column": 51
          },
          "end": {
            "line": 12,
            "column": 1
          }
        },
        "line": 2
      },
      "1": {
        "name": "(anonymous_1)",
        "decl": {
          "start": {
            "line": 4,
            "column": 8
          },
          "end": {
            "line": 4,
            "column": 9
          }
        },
        "loc": {
          "start": {
            "line": 4,
            "column": 22
          },
          "end": {
            "line": 4,
            "column": 25
          }
        },
        "line": 4
      },
      "2": {
        "name": "(anonymous_2)",
        "decl": {
          "start": {
            "line": 5,
            "column": 8
          },
          "end": {
            "line": 5,
            "column": 9
          }
        },
        "loc": {
          "start": {
            "line": 5,
            "column": 28
          },
          "end": {
            "line": 7,
            "column": 9
          }
        },
        "line": 5
      },
      "3": {
        "name": "LocalDataService_Factory",
        "decl": {
          "start": {
            "line": 9,
            "column": 37
          },
          "end": {
            "line": 9,
            "column": 61
          }
        },
        "loc": {
          "start": {
            "line": 9,
            "column": 65
          },
          "end": {
            "line": 9,
            "column": 106
          }
        },
        "line": 9
      }
    },
    "branchMap": {
      "0": {
        "loc": {
          "start": {
            "line": 9,
            "column": 79
          },
          "end": {
            "line": 9,
            "column": 100
          }
        },
        "type": "binary-expr",
        "locations": [
          {
            "start": {
              "line": 9,
              "column": 79
            },
            "end": {
              "line": 9,
              "column": 80
            }
          },
          {
            "start": {
              "line": 9,
              "column": 84
            },
            "end": {
              "line": 9,
              "column": 100
            }
          }
        ],
        "line": 9
      }
    },
    "s": {
      "0": 6,
      "1": 6,
      "2": 6,
      "3": 6,
      "4": 1,
      "5": 1
    },
    "f": {
      "0": 6,
      "1": 6,
      "2": 6,
      "3": 1
    },
    "b": {
      "0": [
        6,
        6
      ]
    },
    "_coverageSchema": "332fd63041d2c1bcb487cc26dd0d5f7d97098a6c",
    "hash": "d9afddc46a3bd09957fc9553a3cfa715937e7c01"
  },
  "/home/andre/personal-projects/turma-de-elite-frontend/src/app/app.component.ts": {
    "path": "/home/andre/personal-projects/turma-de-elite-frontend/src/app/app.component.ts",
    "statementMap": {
      "0": {
        "start": {
          "line": 5,
          "column": 40
        },
        "end": {
          "line": 29,
          "column": 4
        }
      },
      "1": {
        "start": {
          "line": 8,
          "column": 12
        },
        "end": {
          "line": 8,
          "column": 53
        }
      },
      "2": {
        "start": {
          "line": 9,
          "column": 12
        },
        "end": {
          "line": 9,
          "column": 53
        }
      },
      "3": {
        "start": {
          "line": 10,
          "column": 12
        },
        "end": {
          "line": 10,
          "column": 50
        }
      },
      "4": {
        "start": {
          "line": 11,
          "column": 12
        },
        "end": {
          "line": 11,
          "column": 46
        }
      },
      "5": {
        "start": {
          "line": 12,
          "column": 12
        },
        "end": {
          "line": 12,
          "column": 59
        }
      },
      "6": {
        "start": {
          "line": 13,
          "column": 25
        },
        "end": {
          "line": 13,
          "column": 98
        }
      },
      "7": {
        "start": {
          "line": 14,
          "column": 12
        },
        "end": {
          "line": 19,
          "column": 13
        }
      },
      "8": {
        "start": {
          "line": 14,
          "column": 60
        },
        "end": {
          "line": 14,
          "column": 76
        }
      },
      "9": {
        "start": {
          "line": 15,
          "column": 16
        },
        "end": {
          "line": 15,
          "column": 43
        }
      },
      "10": {
        "start": {
          "line": 18,
          "column": 16
        },
        "end": {
          "line": 18,
          "column": 43
        }
      },
      "11": {
        "start": {
          "line": 22,
          "column": 4
        },
        "end": {
          "line": 22,
          "column": 179
        }
      },
      "12": {
        "start": {
          "line": 22,
          "column": 59
        },
        "end": {
          "line": 22,
          "column": 176
        }
      },
      "13": {
        "start": {
          "line": 23,
          "column": 4
        },
        "end": {
          "line": 27,
          "column": 58
        }
      },
      "14": {
        "start": {
          "line": 24,
          "column": 12
        },
        "end": {
          "line": 26,
          "column": 13
        }
      },
      "15": {
        "start": {
          "line": 25,
          "column": 16
        },
        "end": {
          "line": 25,
          "column": 49
        }
      },
      "16": {
        "start": {
          "line": 28,
          "column": 4
        },
        "end": {
          "line": 28,
          "column": 24
        }
      }
    },
    "fnMap": {
      "0": {
        "name": "(anonymous_0)",
        "decl": {
          "start": {
            "line": 5,
            "column": 41
          },
          "end": {
            "line": 5,
            "column": 42
          }
        },
        "loc": {
          "start": {
            "line": 5,
            "column": 47
          },
          "end": {
            "line": 29,
            "column": 1
          }
        },
        "line": 5
      },
      "1": {
        "name": "(anonymous_1)",
        "decl": {
          "start": {
            "line": 7,
            "column": 8
          },
          "end": {
            "line": 7,
            "column": 9
          }
        },
        "loc": {
          "start": {
            "line": 7,
            "column": 56
          },
          "end": {
            "line": 20,
            "column": 9
          }
        },
        "line": 7
      },
      "2": {
        "name": "(anonymous_2)",
        "decl": {
          "start": {
            "line": 14,
            "column": 49
          },
          "end": {
            "line": 14,
            "column": 50
          }
        },
        "loc": {
          "start": {
            "line": 14,
            "column": 60
          },
          "end": {
            "line": 14,
            "column": 76
          }
        },
        "line": 14
      },
      "3": {
        "name": "AppComponent_Factory",
        "decl": {
          "start": {
            "line": 22,
            "column": 33
          },
          "end": {
            "line": 22,
            "column": 53
          }
        },
        "loc": {
          "start": {
            "line": 22,
            "column": 57
          },
          "end": {
            "line": 22,
            "column": 178
          }
        },
        "line": 22
      },
      "4": {
        "name": "AppComponent_Template",
        "decl": {
          "start": {
            "line": 23,
            "column": 146
          },
          "end": {
            "line": 23,
            "column": 167
          }
        },
        "loc": {
          "start": {
            "line": 23,
            "column": 177
          },
          "end": {
            "line": 27,
            "column": 9
          }
        },
        "line": 23
      }
    },
    "branchMap": {
      "0": {
        "loc": {
          "start": {
            "line": 13,
            "column": 25
          },
          "end": {
            "line": 13,
            "column": 98
          }
        },
        "type": "binary-expr",
        "locations": [
          {
            "start": {
              "line": 13,
              "column": 25
            },
            "end": {
              "line": 13,
              "column": 61
            }
          },
          {
            "start": {
              "line": 13,
              "column": 65
            },
            "end": {
              "line": 13,
              "column": 98
            }
          }
        ],
        "line": 13
      },
      "1": {
        "loc": {
          "start": {
            "line": 14,
            "column": 12
          },
          "end": {
            "line": 19,
            "column": 13
          }
        },
        "type": "if",
        "locations": [
          {
            "start": {
              "line": 14,
              "column": 12
            },
            "end": {
              "line": 19,
              "column": 13
            }
          },
          {
            "start": {
              "line": 14,
              "column": 12
            },
            "end": {
              "line": 19,
              "column": 13
            }
          }
        ],
        "line": 14
      },
      "2": {
        "loc": {
          "start": {
            "line": 22,
            "column": 71
          },
          "end": {
            "line": 22,
            "column": 88
          }
        },
        "type": "binary-expr",
        "locations": [
          {
            "start": {
              "line": 22,
              "column": 71
            },
            "end": {
              "line": 22,
              "column": 72
            }
          },
          {
            "start": {
              "line": 22,
              "column": 76
            },
            "end": {
              "line": 22,
              "column": 88
            }
          }
        ],
        "line": 22
      },
      "3": {
        "loc": {
          "start": {
            "line": 24,
            "column": 12
          },
          "end": {
            "line": 26,
            "column": 13
          }
        },
        "type": "if",
        "locations": [
          {
            "start": {
              "line": 24,
              "column": 12
            },
            "end": {
              "line": 26,
              "column": 13
            }
          },
          {
            "start": {
              "line": 24,
              "column": 12
            },
            "end": {
              "line": 26,
              "column": 13
            }
          }
        ],
        "line": 24
      }
    },
    "s": {
      "0": 6,
      "1": 6,
      "2": 6,
      "3": 6,
      "4": 6,
      "5": 6,
      "6": 6,
      "7": 6,
      "8": 6,
      "9": 1,
      "10": 5,
      "11": 6,
      "12": 6,
      "13": 714,
      "14": 85,
      "15": 1,
      "16": 1
    },
    "f": {
      "0": 6,
      "1": 6,
      "2": 6,
      "3": 714,
      "4": 80
    },
    "b": {
      "0": [
        6,
        6
      ],
      "1": [
        6,
        0
      ],
      "2": [
        6,
        6
      ],
      "3": [
        6,
        787
      ]
    },
    "_coverageSchema": "332fd63041d2c1bcb487cc26dd0d5f7d97098a6c",
    "hash": "10723fc2921dc74e244d32ad51f555e3a9ae6d1b"
  },
  "/home/andre/personal-projects/turma-de-elite-frontend/src/environments/environment.prod.ts": {
    "path": "/home/andre/personal-projects/turma-de-elite-frontend/src/environments/environment.prod.ts",
    "statementMap": {
      "0": {
        "start": {
          "line": 1,
          "column": 27
        },
        "end": {
          "line": 14,
          "column": 1
        }
      }
    },
    "fnMap": {},
    "branchMap": {},
    "s": {
      "0": 1
    },
    "f": {},
    "b": {},
    "_coverageSchema": "332fd63041d2c1bcb487cc26dd0d5f7d97098a6c",
    "hash": "8bb82e500f04e95bd03f0d3c3d1ca0b61245ca31"
  },
  "/home/andre/personal-projects/turma-de-elite-frontend/src/app/authentication/services/authentication.service.ts": {
    "path": "/home/andre/personal-projects/turma-de-elite-frontend/src/app/authentication/services/authentication.service.ts",
    "statementMap": {
      "0": {
        "start": {
          "line": 9,
          "column": 48
        },
        "end": {
          "line": 95,
          "column": 4
        }
      },
      "1": {
        "start": {
          "line": 12,
          "column": 6
        },
        "end": {
          "line": 12,
          "column": 27
        }
      },
      "2": {
        "start": {
          "line": 13,
          "column": 6
        },
        "end": {
          "line": 13,
          "column": 23
        }
      },
      "3": {
        "start": {
          "line": 14,
          "column": 6
        },
        "end": {
          "line": 14,
          "column": 27
        }
      },
      "4": {
        "start": {
          "line": 15,
          "column": 6
        },
        "end": {
          "line": 15,
          "column": 30
        }
      },
      "5": {
        "start": {
          "line": 16,
          "column": 6
        },
        "end": {
          "line": 16,
          "column": 78
        }
      },
      "6": {
        "start": {
          "line": 16,
          "column": 63
        },
        "end": {
          "line": 16,
          "column": 75
        }
      },
      "7": {
        "start": {
          "line": 20,
          "column": 6
        },
        "end": {
          "line": 20,
          "column": 86
        }
      },
      "8": {
        "start": {
          "line": 20,
          "column": 44
        },
        "end": {
          "line": 20,
          "column": 83
        }
      },
      "9": {
        "start": {
          "line": 24,
          "column": 18
        },
        "end": {
          "line": 24,
          "column": 22
        }
      },
      "10": {
        "start": {
          "line": 26,
          "column": 6
        },
        "end": {
          "line": 30,
          "column": 11
        }
      },
      "11": {
        "start": {
          "line": 27,
          "column": 8
        },
        "end": {
          "line": 29,
          "column": 11
        }
      },
      "12": {
        "start": {
          "line": 28,
          "column": 10
        },
        "end": {
          "line": 28,
          "column": 81
        }
      },
      "13": {
        "start": {
          "line": 28,
          "column": 44
        },
        "end": {
          "line": 28,
          "column": 79
        }
      },
      "14": {
        "start": {
          "line": 34,
          "column": 6
        },
        "end": {
          "line": 48,
          "column": 7
        }
      },
      "15": {
        "start": {
          "line": 36,
          "column": 10
        },
        "end": {
          "line": 36,
          "column": 53
        }
      },
      "16": {
        "start": {
          "line": 37,
          "column": 10
        },
        "end": {
          "line": 37,
          "column": 16
        }
      },
      "17": {
        "start": {
          "line": 40,
          "column": 10
        },
        "end": {
          "line": 40,
          "column": 16
        }
      },
      "18": {
        "start": {
          "line": 43,
          "column": 10
        },
        "end": {
          "line": 43,
          "column": 16
        }
      },
      "19": {
        "start": {
          "line": 46,
          "column": 10
        },
        "end": {
          "line": 46,
          "column": 55
        }
      },
      "20": {
        "start": {
          "line": 47,
          "column": 10
        },
        "end": {
          "line": 47,
          "column": 16
        }
      },
      "21": {
        "start": {
          "line": 52,
          "column": 6
        },
        "end": {
          "line": 54,
          "column": 23
        }
      },
      "22": {
        "start": {
          "line": 58,
          "column": 19
        },
        "end": {
          "line": 58,
          "column": 23
        }
      },
      "23": {
        "start": {
          "line": 60,
          "column": 6
        },
        "end": {
          "line": 62,
          "column": 11
        }
      },
      "24": {
        "start": {
          "line": 61,
          "column": 8
        },
        "end": {
          "line": 61,
          "column": 38
        }
      },
      "25": {
        "start": {
          "line": 66,
          "column": 6
        },
        "end": {
          "line": 70,
          "column": 23
        }
      },
      "26": {
        "start": {
          "line": 74,
          "column": 6
        },
        "end": {
          "line": 76,
          "column": 23
        }
      },
      "27": {
        "start": {
          "line": 80,
          "column": 6
        },
        "end": {
          "line": 80,
          "column": 55
        }
      },
      "28": {
        "start": {
          "line": 85,
          "column": 2
        },
        "end": {
          "line": 87,
          "column": 4
        }
      },
      "29": {
        "start": {
          "line": 86,
          "column": 4
        },
        "end": {
          "line": 86,
          "column": 129
        }
      },
      "30": {
        "start": {
          "line": 89,
          "column": 2
        },
        "end": {
          "line": 93,
          "column": 5
        }
      },
      "31": {
        "start": {
          "line": 94,
          "column": 2
        },
        "end": {
          "line": 94,
          "column": 31
        }
      }
    },
    "fnMap": {
      "0": {
        "name": "(anonymous_0)",
        "decl": {
          "start": {
            "line": 9,
            "column": 49
          },
          "end": {
            "line": 9,
            "column": 50
          }
        },
        "loc": {
          "start": {
            "line": 9,
            "column": 55
          },
          "end": {
            "line": 95,
            "column": 1
          }
        },
        "line": 9
      },
      "1": {
        "name": "(anonymous_1)",
        "decl": {
          "start": {
            "line": 11,
            "column": 4
          },
          "end": {
            "line": 11,
            "column": 5
          }
        },
        "loc": {
          "start": {
            "line": 11,
            "column": 38
          },
          "end": {
            "line": 17,
            "column": 5
          }
        },
        "line": 11
      },
      "2": {
        "name": "(anonymous_2)",
        "decl": {
          "start": {
            "line": 16,
            "column": 55
          },
          "end": {
            "line": 16,
            "column": 56
          }
        },
        "loc": {
          "start": {
            "line": 16,
            "column": 63
          },
          "end": {
            "line": 16,
            "column": 75
          }
        },
        "line": 16
      },
      "3": {
        "name": "(anonymous_3)",
        "decl": {
          "start": {
            "line": 19,
            "column": 4
          },
          "end": {
            "line": 19,
            "column": 5
          }
        },
        "loc": {
          "start": {
            "line": 19,
            "column": 15
          },
          "end": {
            "line": 21,
            "column": 5
          }
        },
        "line": 19
      },
      "4": {
        "name": "(anonymous_4)",
        "decl": {
          "start": {
            "line": 20,
            "column": 36
          },
          "end": {
            "line": 20,
            "column": 37
          }
        },
        "loc": {
          "start": {
            "line": 20,
            "column": 44
          },
          "end": {
            "line": 20,
            "column": 83
          }
        },
        "line": 20
      },
      "5": {
        "name": "(anonymous_5)",
        "decl": {
          "start": {
            "line": 23,
            "column": 4
          },
          "end": {
            "line": 23,
            "column": 5
          }
        },
        "loc": {
          "start": {
            "line": 23,
            "column": 27
          },
          "end": {
            "line": 31,
            "column": 5
          }
        },
        "line": 23
      },
      "6": {
        "name": "(anonymous_6)",
        "decl": {
          "start": {
            "line": 26,
            "column": 31
          },
          "end": {
            "line": 26,
            "column": 32
          }
        },
        "loc": {
          "start": {
            "line": 26,
            "column": 44
          },
          "end": {
            "line": 30,
            "column": 7
          }
        },
        "line": 26
      },
      "7": {
        "name": "(anonymous_7)",
        "decl": {
          "start": {
            "line": 27,
            "column": 77
          },
          "end": {
            "line": 27,
            "column": 78
          }
        },
        "loc": {
          "start": {
            "line": 27,
            "column": 87
          },
          "end": {
            "line": 29,
            "column": 9
          }
        },
        "line": 27
      },
      "8": {
        "name": "(anonymous_8)",
        "decl": {
          "start": {
            "line": 28,
            "column": 36
          },
          "end": {
            "line": 28,
            "column": 37
          }
        },
        "loc": {
          "start": {
            "line": 28,
            "column": 44
          },
          "end": {
            "line": 28,
            "column": 79
          }
        },
        "line": 28
      },
      "9": {
        "name": "(anonymous_9)",
        "decl": {
          "start": {
            "line": 33,
            "column": 4
          },
          "end": {
            "line": 33,
            "column": 5
          }
        },
        "loc": {
          "start": {
            "line": 33,
            "column": 34
          },
          "end": {
            "line": 49,
            "column": 5
          }
        },
        "line": 33
      },
      "10": {
        "name": "(anonymous_10)",
        "decl": {
          "start": {
            "line": 51,
            "column": 4
          },
          "end": {
            "line": 51,
            "column": 5
          }
        },
        "loc": {
          "start": {
            "line": 51,
            "column": 14
          },
          "end": {
            "line": 55,
            "column": 5
          }
        },
        "line": 51
      },
      "11": {
        "name": "(anonymous_11)",
        "decl": {
          "start": {
            "line": 57,
            "column": 4
          },
          "end": {
            "line": 57,
            "column": 5
          }
        },
        "loc": {
          "start": {
            "line": 57,
            "column": 13
          },
          "end": {
            "line": 63,
            "column": 5
          }
        },
        "line": 57
      },
      "12": {
        "name": "(anonymous_12)",
        "decl": {
          "start": {
            "line": 60,
            "column": 31
          },
          "end": {
            "line": 60,
            "column": 32
          }
        },
        "loc": {
          "start": {
            "line": 60,
            "column": 44
          },
          "end": {
            "line": 62,
            "column": 7
          }
        },
        "line": 60
      },
      "13": {
        "name": "(anonymous_13)",
        "decl": {
          "start": {
            "line": 65,
            "column": 4
          },
          "end": {
            "line": 65,
            "column": 5
          }
        },
        "loc": {
          "start": {
            "line": 65,
            "column": 58
          },
          "end": {
            "line": 71,
            "column": 5
          }
        },
        "line": 65
      },
      "14": {
        "name": "(anonymous_14)",
        "decl": {
          "start": {
            "line": 73,
            "column": 4
          },
          "end": {
            "line": 73,
            "column": 5
          }
        },
        "loc": {
          "start": {
            "line": 73,
            "column": 40
          },
          "end": {
            "line": 77,
            "column": 5
          }
        },
        "line": 73
      },
      "15": {
        "name": "(anonymous_15)",
        "decl": {
          "start": {
            "line": 79,
            "column": 4
          },
          "end": {
            "line": 79,
            "column": 5
          }
        },
        "loc": {
          "start": {
            "line": 79,
            "column": 34
          },
          "end": {
            "line": 81,
            "column": 5
          }
        },
        "line": 79
      },
      "16": {
        "name": "AuthenticationService_Factory",
        "decl": {
          "start": {
            "line": 85,
            "column": 40
          },
          "end": {
            "line": 85,
            "column": 69
          }
        },
        "loc": {
          "start": {
            "line": 85,
            "column": 73
          },
          "end": {
            "line": 87,
            "column": 3
          }
        },
        "line": 85
      }
    },
    "branchMap": {
      "0": {
        "loc": {
          "start": {
            "line": 20,
            "column": 44
          },
          "end": {
            "line": 20,
            "column": 83
          }
        },
        "type": "cond-expr",
        "locations": [
          {
            "start": {
              "line": 20,
              "column": 51
            },
            "end": {
              "line": 20,
              "column": 74
            }
          },
          {
            "start": {
              "line": 20,
              "column": 77
            },
            "end": {
              "line": 20,
              "column": 83
            }
          }
        ],
        "line": 20
      },
      "1": {
        "loc": {
          "start": {
            "line": 34,
            "column": 6
          },
          "end": {
            "line": 48,
            "column": 7
          }
        },
        "type": "switch",
        "locations": [
          {
            "start": {
              "line": 35,
              "column": 8
            },
            "end": {
              "line": 37,
              "column": 16
            }
          },
          {
            "start": {
              "line": 39,
              "column": 8
            },
            "end": {
              "line": 40,
              "column": 16
            }
          },
          {
            "start": {
              "line": 42,
              "column": 8
            },
            "end": {
              "line": 43,
              "column": 16
            }
          },
          {
            "start": {
              "line": 45,
              "column": 8
            },
            "end": {
              "line": 47,
              "column": 16
            }
          }
        ],
        "line": 34
      },
      "2": {
        "loc": {
          "start": {
            "line": 86,
            "column": 16
          },
          "end": {
            "line": 86,
            "column": 42
          }
        },
        "type": "binary-expr",
        "locations": [
          {
            "start": {
              "line": 86,
              "column": 16
            },
            "end": {
              "line": 86,
              "column": 17
            }
          },
          {
            "start": {
              "line": 86,
              "column": 21
            },
            "end": {
              "line": 86,
              "column": 42
            }
          }
        ],
        "line": 86
      }
    },
    "s": {
      "0": 6,
      "1": 6,
      "2": 6,
      "3": 6,
      "4": 6,
      "5": 1,
      "6": 18,
      "7": 19,
      "8": 7,
      "9": 5,
      "10": 5,
      "11": 5,
      "12": 5,
      "13": 5,
      "14": 5,
      "15": 4,
      "16": 0,
      "17": 0,
      "18": 0,
      "19": 0,
      "20": 8,
      "21": 1,
      "22": 0,
      "23": 0,
      "24": 0,
      "25": 0,
      "26": 0,
      "27": 5,
      "28": 6,
      "29": 6,
      "30": 1,
      "31": 1
    },
    "f": {
      "0": 6,
      "1": 1,
      "2": 18,
      "3": 19,
      "4": 7,
      "5": 5,
      "6": 5,
      "7": 5,
      "8": 5,
      "9": 9,
      "10": 1,
      "11": 0,
      "12": 0,
      "13": 0,
      "14": 0,
      "15": 5,
      "16": 1
    },
    "b": {
      "0": [
        9,
        10
      ],
      "1": [
        4,
        0,
        0,
        0
      ],
      "2": [
        6,
        6
      ]
    },
    "inputSourceMap": null,
    "_coverageSchema": "332fd63041d2c1bcb487cc26dd0d5f7d97098a6c",
    "hash": "dc3e2080e46da176a5a696639212913184ae37b0"
  },
  "/home/andre/personal-projects/turma-de-elite-frontend/src/app/authentication/components/login-page/login-page.component.ts": {
    "path": "/home/andre/personal-projects/turma-de-elite-frontend/src/app/authentication/components/login-page/login-page.component.ts",
    "statementMap": {
      "0": {
        "start": {
          "line": 16,
          "column": 4
        },
        "end": {
          "line": 21,
          "column": 5
        }
      },
      "1": {
        "start": {
          "line": 17,
          "column": 8
        },
        "end": {
          "line": 17,
          "column": 42
        }
      },
      "2": {
        "start": {
          "line": 18,
          "column": 8
        },
        "end": {
          "line": 18,
          "column": 21
        }
      },
      "3": {
        "start": {
          "line": 19,
          "column": 8
        },
        "end": {
          "line": 19,
          "column": 34
        }
      },
      "4": {
        "start": {
          "line": 20,
          "column": 8
        },
        "end": {
          "line": 20,
          "column": 26
        }
      },
      "5": {
        "start": {
          "line": 22,
          "column": 4
        },
        "end": {
          "line": 25,
          "column": 5
        }
      },
      "6": {
        "start": {
          "line": 23,
          "column": 8
        },
        "end": {
          "line": 23,
          "column": 24
        }
      },
      "7": {
        "start": {
          "line": 24,
          "column": 8
        },
        "end": {
          "line": 24,
          "column": 82
        }
      },
      "8": {
        "start": {
          "line": 28,
          "column": 4
        },
        "end": {
          "line": 33,
          "column": 5
        }
      },
      "9": {
        "start": {
          "line": 29,
          "column": 8
        },
        "end": {
          "line": 29,
          "column": 42
        }
      },
      "10": {
        "start": {
          "line": 30,
          "column": 8
        },
        "end": {
          "line": 30,
          "column": 21
        }
      },
      "11": {
        "start": {
          "line": 31,
          "column": 8
        },
        "end": {
          "line": 31,
          "column": 34
        }
      },
      "12": {
        "start": {
          "line": 32,
          "column": 8
        },
        "end": {
          "line": 32,
          "column": 26
        }
      },
      "13": {
        "start": {
          "line": 34,
          "column": 4
        },
        "end": {
          "line": 37,
          "column": 5
        }
      },
      "14": {
        "start": {
          "line": 35,
          "column": 8
        },
        "end": {
          "line": 35,
          "column": 24
        }
      },
      "15": {
        "start": {
          "line": 36,
          "column": 8
        },
        "end": {
          "line": 36,
          "column": 82
        }
      },
      "16": {
        "start": {
          "line": 40,
          "column": 4
        },
        "end": {
          "line": 45,
          "column": 5
        }
      },
      "17": {
        "start": {
          "line": 41,
          "column": 8
        },
        "end": {
          "line": 41,
          "column": 42
        }
      },
      "18": {
        "start": {
          "line": 42,
          "column": 8
        },
        "end": {
          "line": 42,
          "column": 21
        }
      },
      "19": {
        "start": {
          "line": 43,
          "column": 8
        },
        "end": {
          "line": 43,
          "column": 34
        }
      },
      "20": {
        "start": {
          "line": 44,
          "column": 8
        },
        "end": {
          "line": 44,
          "column": 26
        }
      },
      "21": {
        "start": {
          "line": 46,
          "column": 4
        },
        "end": {
          "line": 49,
          "column": 5
        }
      },
      "22": {
        "start": {
          "line": 47,
          "column": 8
        },
        "end": {
          "line": 47,
          "column": 24
        }
      },
      "23": {
        "start": {
          "line": 48,
          "column": 8
        },
        "end": {
          "line": 48,
          "column": 80
        }
      },
      "24": {
        "start": {
          "line": 52,
          "column": 4
        },
        "end": {
          "line": 57,
          "column": 5
        }
      },
      "25": {
        "start": {
          "line": 53,
          "column": 8
        },
        "end": {
          "line": 53,
          "column": 42
        }
      },
      "26": {
        "start": {
          "line": 54,
          "column": 8
        },
        "end": {
          "line": 54,
          "column": 21
        }
      },
      "27": {
        "start": {
          "line": 55,
          "column": 8
        },
        "end": {
          "line": 55,
          "column": 34
        }
      },
      "28": {
        "start": {
          "line": 56,
          "column": 8
        },
        "end": {
          "line": 56,
          "column": 26
        }
      },
      "29": {
        "start": {
          "line": 58,
          "column": 4
        },
        "end": {
          "line": 61,
          "column": 5
        }
      },
      "30": {
        "start": {
          "line": 59,
          "column": 8
        },
        "end": {
          "line": 59,
          "column": 24
        }
      },
      "31": {
        "start": {
          "line": 60,
          "column": 8
        },
        "end": {
          "line": 60,
          "column": 85
        }
      },
      "32": {
        "start": {
          "line": 64,
          "column": 4
        },
        "end": {
          "line": 66,
          "column": 5
        }
      },
      "33": {
        "start": {
          "line": 65,
          "column": 8
        },
        "end": {
          "line": 65,
          "column": 31
        }
      },
      "34": {
        "start": {
          "line": 69,
          "column": 4
        },
        "end": {
          "line": 71,
          "column": 5
        }
      },
      "35": {
        "start": {
          "line": 70,
          "column": 8
        },
        "end": {
          "line": 70,
          "column": 43
        }
      },
      "36": {
        "start": {
          "line": 74,
          "column": 4
        },
        "end": {
          "line": 78,
          "column": 5
        }
      },
      "37": {
        "start": {
          "line": 75,
          "column": 8
        },
        "end": {
          "line": 75,
          "column": 40
        }
      },
      "38": {
        "start": {
          "line": 76,
          "column": 8
        },
        "end": {
          "line": 76,
          "column": 108
        }
      },
      "39": {
        "start": {
          "line": 77,
          "column": 8
        },
        "end": {
          "line": 77,
          "column": 26
        }
      },
      "40": {
        "start": {
          "line": 79,
          "column": 4
        },
        "end": {
          "line": 83,
          "column": 5
        }
      },
      "41": {
        "start": {
          "line": 80,
          "column": 23
        },
        "end": {
          "line": 80,
          "column": 41
        }
      },
      "42": {
        "start": {
          "line": 81,
          "column": 8
        },
        "end": {
          "line": 81,
          "column": 24
        }
      },
      "43": {
        "start": {
          "line": 82,
          "column": 8
        },
        "end": {
          "line": 82,
          "column": 48
        }
      },
      "44": {
        "start": {
          "line": 86,
          "column": 4
        },
        "end": {
          "line": 93,
          "column": 5
        }
      },
      "45": {
        "start": {
          "line": 87,
          "column": 21
        },
        "end": {
          "line": 87,
          "column": 42
        }
      },
      "46": {
        "start": {
          "line": 88,
          "column": 8
        },
        "end": {
          "line": 88,
          "column": 43
        }
      },
      "47": {
        "start": {
          "line": 89,
          "column": 8
        },
        "end": {
          "line": 89,
          "column": 198
        }
      },
      "48": {
        "start": {
          "line": 89,
          "column": 111
        },
        "end": {
          "line": 89,
          "column": 134
        }
      },
      "49": {
        "start": {
          "line": 89,
          "column": 151
        },
        "end": {
          "line": 89,
          "column": 169
        }
      },
      "50": {
        "start": {
          "line": 89,
          "column": 171
        },
        "end": {
          "line": 89,
          "column": 194
        }
      },
      "51": {
        "start": {
          "line": 90,
          "column": 8
        },
        "end": {
          "line": 90,
          "column": 21
        }
      },
      "52": {
        "start": {
          "line": 91,
          "column": 8
        },
        "end": {
          "line": 91,
          "column": 34
        }
      },
      "53": {
        "start": {
          "line": 92,
          "column": 8
        },
        "end": {
          "line": 92,
          "column": 26
        }
      },
      "54": {
        "start": {
          "line": 94,
          "column": 4
        },
        "end": {
          "line": 97,
          "column": 5
        }
      },
      "55": {
        "start": {
          "line": 95,
          "column": 8
        },
        "end": {
          "line": 95,
          "column": 24
        }
      },
      "56": {
        "start": {
          "line": 96,
          "column": 8
        },
        "end": {
          "line": 96,
          "column": 78
        }
      },
      "57": {
        "start": {
          "line": 99,
          "column": 46
        },
        "end": {
          "line": 214,
          "column": 4
        }
      },
      "58": {
        "start": {
          "line": 102,
          "column": 12
        },
        "end": {
          "line": 102,
          "column": 25
        }
      },
      "59": {
        "start": {
          "line": 103,
          "column": 12
        },
        "end": {
          "line": 103,
          "column": 29
        }
      },
      "60": {
        "start": {
          "line": 104,
          "column": 12
        },
        "end": {
          "line": 104,
          "column": 37
        }
      },
      "61": {
        "start": {
          "line": 105,
          "column": 12
        },
        "end": {
          "line": 105,
          "column": 33
        }
      },
      "62": {
        "start": {
          "line": 106,
          "column": 12
        },
        "end": {
          "line": 109,
          "column": 15
        }
      },
      "63": {
        "start": {
          "line": 110,
          "column": 12
        },
        "end": {
          "line": 110,
          "column": 40
        }
      },
      "64": {
        "start": {
          "line": 111,
          "column": 12
        },
        "end": {
          "line": 111,
          "column": 43
        }
      },
      "65": {
        "start": {
          "line": 112,
          "column": 12
        },
        "end": {
          "line": 112,
          "column": 35
        }
      },
      "66": {
        "start": {
          "line": 115,
          "column": 12
        },
        "end": {
          "line": 115,
          "column": 34
        }
      },
      "67": {
        "start": {
          "line": 116,
          "column": 40
        },
        "end": {
          "line": 116,
          "column": 60
        }
      },
      "68": {
        "start": {
          "line": 117,
          "column": 12
        },
        "end": {
          "line": 133,
          "column": 15
        }
      },
      "69": {
        "start": {
          "line": 118,
          "column": 16
        },
        "end": {
          "line": 130,
          "column": 17
        }
      },
      "70": {
        "start": {
          "line": 122,
          "column": 24
        },
        "end": {
          "line": 122,
          "column": 51
        }
      },
      "71": {
        "start": {
          "line": 123,
          "column": 24
        },
        "end": {
          "line": 123,
          "column": 30
        }
      },
      "72": {
        "start": {
          "line": 125,
          "column": 24
        },
        "end": {
          "line": 125,
          "column": 54
        }
      },
      "73": {
        "start": {
          "line": 126,
          "column": 24
        },
        "end": {
          "line": 126,
          "column": 30
        }
      },
      "74": {
        "start": {
          "line": 128,
          "column": 24
        },
        "end": {
          "line": 128,
          "column": 61
        }
      },
      "75": {
        "start": {
          "line": 129,
          "column": 24
        },
        "end": {
          "line": 129,
          "column": 30
        }
      },
      "76": {
        "start": {
          "line": 132,
          "column": 16
        },
        "end": {
          "line": 132,
          "column": 39
        }
      },
      "77": {
        "start": {
          "line": 136,
          "column": 12
        },
        "end": {
          "line": 136,
          "column": 50
        }
      },
      "78": {
        "start": {
          "line": 139,
          "column": 4
        },
        "end": {
          "line": 139,
          "column": 268
        }
      },
      "79": {
        "start": {
          "line": 139,
          "column": 71
        },
        "end": {
          "line": 139,
          "column": 265
        }
      },
      "80": {
        "start": {
          "line": 140,
          "column": 4
        },
        "end": {
          "line": 212,
          "column": 864
        }
      },
      "81": {
        "start": {
          "line": 141,
          "column": 12
        },
        "end": {
          "line": 189,
          "column": 13
        }
      },
      "82": {
        "start": {
          "line": 142,
          "column": 16
        },
        "end": {
          "line": 142,
          "column": 47
        }
      },
      "83": {
        "start": {
          "line": 143,
          "column": 16
        },
        "end": {
          "line": 143,
          "column": 47
        }
      },
      "84": {
        "start": {
          "line": 144,
          "column": 16
        },
        "end": {
          "line": 144,
          "column": 47
        }
      },
      "85": {
        "start": {
          "line": 145,
          "column": 16
        },
        "end": {
          "line": 145,
          "column": 42
        }
      },
      "86": {
        "start": {
          "line": 146,
          "column": 16
        },
        "end": {
          "line": 146,
          "column": 34
        }
      },
      "87": {
        "start": {
          "line": 147,
          "column": 16
        },
        "end": {
          "line": 147,
          "column": 47
        }
      },
      "88": {
        "start": {
          "line": 148,
          "column": 16
        },
        "end": {
          "line": 148,
          "column": 47
        }
      },
      "89": {
        "start": {
          "line": 149,
          "column": 16
        },
        "end": {
          "line": 149,
          "column": 47
        }
      },
      "90": {
        "start": {
          "line": 150,
          "column": 16
        },
        "end": {
          "line": 150,
          "column": 44
        }
      },
      "91": {
        "start": {
          "line": 151,
          "column": 16
        },
        "end": {
          "line": 151,
          "column": 49
        }
      },
      "92": {
        "start": {
          "line": 152,
          "column": 16
        },
        "end": {
          "line": 152,
          "column": 46
        }
      },
      "93": {
        "start": {
          "line": 153,
          "column": 16
        },
        "end": {
          "line": 153,
          "column": 34
        }
      },
      "94": {
        "start": {
          "line": 154,
          "column": 16
        },
        "end": {
          "line": 154,
          "column": 34
        }
      },
      "95": {
        "start": {
          "line": 155,
          "column": 16
        },
        "end": {
          "line": 155,
          "column": 44
        }
      },
      "96": {
        "start": {
          "line": 156,
          "column": 16
        },
        "end": {
          "line": 156,
          "column": 50
        }
      },
      "97": {
        "start": {
          "line": 157,
          "column": 16
        },
        "end": {
          "line": 157,
          "column": 34
        }
      },
      "98": {
        "start": {
          "line": 158,
          "column": 16
        },
        "end": {
          "line": 158,
          "column": 34
        }
      },
      "99": {
        "start": {
          "line": 159,
          "column": 16
        },
        "end": {
          "line": 159,
          "column": 49
        }
      },
      "100": {
        "start": {
          "line": 160,
          "column": 16
        },
        "end": {
          "line": 160,
          "column": 59
        }
      },
      "101": {
        "start": {
          "line": 161,
          "column": 16
        },
        "end": {
          "line": 161,
          "column": 51
        }
      },
      "102": {
        "start": {
          "line": 162,
          "column": 16
        },
        "end": {
          "line": 162,
          "column": 40
        }
      },
      "103": {
        "start": {
          "line": 163,
          "column": 16
        },
        "end": {
          "line": 163,
          "column": 34
        }
      },
      "104": {
        "start": {
          "line": 164,
          "column": 16
        },
        "end": {
          "line": 164,
          "column": 45
        }
      },
      "105": {
        "start": {
          "line": 165,
          "column": 16
        },
        "end": {
          "line": 165,
          "column": 99
        }
      },
      "106": {
        "start": {
          "line": 166,
          "column": 16
        },
        "end": {
          "line": 166,
          "column": 99
        }
      },
      "107": {
        "start": {
          "line": 167,
          "column": 16
        },
        "end": {
          "line": 167,
          "column": 34
        }
      },
      "108": {
        "start": {
          "line": 168,
          "column": 16
        },
        "end": {
          "line": 168,
          "column": 60
        }
      },
      "109": {
        "start": {
          "line": 169,
          "column": 16
        },
        "end": {
          "line": 169,
          "column": 51
        }
      },
      "110": {
        "start": {
          "line": 170,
          "column": 16
        },
        "end": {
          "line": 170,
          "column": 30
        }
      },
      "111": {
        "start": {
          "line": 171,
          "column": 16
        },
        "end": {
          "line": 171,
          "column": 43
        }
      },
      "112": {
        "start": {
          "line": 172,
          "column": 16
        },
        "end": {
          "line": 172,
          "column": 34
        }
      },
      "113": {
        "start": {
          "line": 173,
          "column": 16
        },
        "end": {
          "line": 173,
          "column": 46
        }
      },
      "114": {
        "start": {
          "line": 174,
          "column": 16
        },
        "end": {
          "line": 174,
          "column": 99
        }
      },
      "115": {
        "start": {
          "line": 175,
          "column": 16
        },
        "end": {
          "line": 175,
          "column": 99
        }
      },
      "116": {
        "start": {
          "line": 176,
          "column": 16
        },
        "end": {
          "line": 176,
          "column": 34
        }
      },
      "117": {
        "start": {
          "line": 177,
          "column": 16
        },
        "end": {
          "line": 177,
          "column": 34
        }
      },
      "118": {
        "start": {
          "line": 178,
          "column": 16
        },
        "end": {
          "line": 178,
          "column": 87
        }
      },
      "119": {
        "start": {
          "line": 179,
          "column": 16
        },
        "end": {
          "line": 179,
          "column": 136
        }
      },
      "120": {
        "start": {
          "line": 180,
          "column": 16
        },
        "end": {
          "line": 180,
          "column": 136
        }
      },
      "121": {
        "start": {
          "line": 181,
          "column": 16
        },
        "end": {
          "line": 181,
          "column": 52
        }
      },
      "122": {
        "start": {
          "line": 182,
          "column": 16
        },
        "end": {
          "line": 182,
          "column": 30
        }
      },
      "123": {
        "start": {
          "line": 183,
          "column": 16
        },
        "end": {
          "line": 183,
          "column": 43
        }
      },
      "124": {
        "start": {
          "line": 184,
          "column": 16
        },
        "end": {
          "line": 184,
          "column": 34
        }
      },
      "125": {
        "start": {
          "line": 185,
          "column": 16
        },
        "end": {
          "line": 185,
          "column": 34
        }
      },
      "126": {
        "start": {
          "line": 186,
          "column": 16
        },
        "end": {
          "line": 186,
          "column": 34
        }
      },
      "127": {
        "start": {
          "line": 187,
          "column": 16
        },
        "end": {
          "line": 187,
          "column": 34
        }
      },
      "128": {
        "start": {
          "line": 188,
          "column": 16
        },
        "end": {
          "line": 188,
          "column": 34
        }
      },
      "129": {
        "start": {
          "line": 190,
          "column": 12
        },
        "end": {
          "line": 211,
          "column": 13
        }
      },
      "130": {
        "start": {
          "line": 191,
          "column": 28
        },
        "end": {
          "line": 191,
          "column": 46
        }
      },
      "131": {
        "start": {
          "line": 192,
          "column": 28
        },
        "end": {
          "line": 192,
          "column": 46
        }
      },
      "132": {
        "start": {
          "line": 195,
          "column": 16
        },
        "end": {
          "line": 195,
          "column": 33
        }
      },
      "133": {
        "start": {
          "line": 196,
          "column": 16
        },
        "end": {
          "line": 196,
          "column": 58
        }
      },
      "134": {
        "start": {
          "line": 197,
          "column": 16
        },
        "end": {
          "line": 197,
          "column": 32
        }
      },
      "135": {
        "start": {
          "line": 198,
          "column": 16
        },
        "end": {
          "line": 198,
          "column": 58
        }
      },
      "136": {
        "start": {
          "line": 199,
          "column": 16
        },
        "end": {
          "line": 199,
          "column": 32
        }
      },
      "137": {
        "start": {
          "line": 200,
          "column": 16
        },
        "end": {
          "line": 200,
          "column": 151
        }
      },
      "138": {
        "start": {
          "line": 201,
          "column": 16
        },
        "end": {
          "line": 201,
          "column": 32
        }
      },
      "139": {
        "start": {
          "line": 202,
          "column": 16
        },
        "end": {
          "line": 202,
          "column": 80
        }
      },
      "140": {
        "start": {
          "line": 203,
          "column": 16
        },
        "end": {
          "line": 203,
          "column": 32
        }
      },
      "141": {
        "start": {
          "line": 204,
          "column": 16
        },
        "end": {
          "line": 204,
          "column": 61
        }
      },
      "142": {
        "start": {
          "line": 205,
          "column": 16
        },
        "end": {
          "line": 205,
          "column": 32
        }
      },
      "143": {
        "start": {
          "line": 206,
          "column": 16
        },
        "end": {
          "line": 206,
          "column": 154
        }
      },
      "144": {
        "start": {
          "line": 207,
          "column": 16
        },
        "end": {
          "line": 207,
          "column": 32
        }
      },
      "145": {
        "start": {
          "line": 208,
          "column": 16
        },
        "end": {
          "line": 208,
          "column": 87
        }
      },
      "146": {
        "start": {
          "line": 209,
          "column": 16
        },
        "end": {
          "line": 209,
          "column": 32
        }
      },
      "147": {
        "start": {
          "line": 210,
          "column": 16
        },
        "end": {
          "line": 210,
          "column": 97
        }
      },
      "148": {
        "start": {
          "line": 213,
          "column": 4
        },
        "end": {
          "line": 213,
          "column": 30
        }
      }
    },
    "fnMap": {
      "0": {
        "name": "LoginPageComponent_mat_error_17_Template",
        "decl": {
          "start": {
            "line": 15,
            "column": 9
          },
          "end": {
            "line": 15,
            "column": 49
          }
        },
        "loc": {
          "start": {
            "line": 15,
            "column": 59
          },
          "end": {
            "line": 26,
            "column": 1
          }
        },
        "line": 15
      },
      "1": {
        "name": "LoginPageComponent_mat_error_18_Template",
        "decl": {
          "start": {
            "line": 27,
            "column": 9
          },
          "end": {
            "line": 27,
            "column": 49
          }
        },
        "loc": {
          "start": {
            "line": 27,
            "column": 59
          },
          "end": {
            "line": 38,
            "column": 1
          }
        },
        "line": 27
      },
      "2": {
        "name": "LoginPageComponent_mat_error_24_Template",
        "decl": {
          "start": {
            "line": 39,
            "column": 9
          },
          "end": {
            "line": 39,
            "column": 49
          }
        },
        "loc": {
          "start": {
            "line": 39,
            "column": 59
          },
          "end": {
            "line": 50,
            "column": 1
          }
        },
        "line": 39
      },
      "3": {
        "name": "LoginPageComponent_mat_error_25_Template",
        "decl": {
          "start": {
            "line": 51,
            "column": 9
          },
          "end": {
            "line": 51,
            "column": 49
          }
        },
        "loc": {
          "start": {
            "line": 51,
            "column": 59
          },
          "end": {
            "line": 62,
            "column": 1
          }
        },
        "line": 51
      },
      "4": {
        "name": "LoginPageComponent_div_26_Template",
        "decl": {
          "start": {
            "line": 63,
            "column": 9
          },
          "end": {
            "line": 63,
            "column": 43
          }
        },
        "loc": {
          "start": {
            "line": 63,
            "column": 53
          },
          "end": {
            "line": 67,
            "column": 1
          }
        },
        "line": 63
      },
      "5": {
        "name": "LoginPageComponent_ng_template_27_mat_spinner_1_Template",
        "decl": {
          "start": {
            "line": 68,
            "column": 9
          },
          "end": {
            "line": 68,
            "column": 65
          }
        },
        "loc": {
          "start": {
            "line": 68,
            "column": 75
          },
          "end": {
            "line": 72,
            "column": 1
          }
        },
        "line": 68
      },
      "6": {
        "name": "LoginPageComponent_ng_template_27_Template",
        "decl": {
          "start": {
            "line": 73,
            "column": 9
          },
          "end": {
            "line": 73,
            "column": 51
          }
        },
        "loc": {
          "start": {
            "line": 73,
            "column": 61
          },
          "end": {
            "line": 84,
            "column": 1
          }
        },
        "line": 73
      },
      "7": {
        "name": "LoginPageComponent_ng_template_29_Template",
        "decl": {
          "start": {
            "line": 85,
            "column": 9
          },
          "end": {
            "line": 85,
            "column": 51
          }
        },
        "loc": {
          "start": {
            "line": 85,
            "column": 61
          },
          "end": {
            "line": 98,
            "column": 1
          }
        },
        "line": 85
      },
      "8": {
        "name": "LoginPageComponent_ng_template_29_Template_button_click_0_listener",
        "decl": {
          "start": {
            "line": 89,
            "column": 40
          },
          "end": {
            "line": 89,
            "column": 106
          }
        },
        "loc": {
          "start": {
            "line": 89,
            "column": 109
          },
          "end": {
            "line": 89,
            "column": 196
          }
        },
        "line": 89
      },
      "9": {
        "name": "(anonymous_9)",
        "decl": {
          "start": {
            "line": 99,
            "column": 47
          },
          "end": {
            "line": 99,
            "column": 48
          }
        },
        "loc": {
          "start": {
            "line": 99,
            "column": 53
          },
          "end": {
            "line": 214,
            "column": 1
          }
        },
        "line": 99
      },
      "10": {
        "name": "(anonymous_10)",
        "decl": {
          "start": {
            "line": 101,
            "column": 8
          },
          "end": {
            "line": 101,
            "column": 9
          }
        },
        "loc": {
          "start": {
            "line": 101,
            "column": 48
          },
          "end": {
            "line": 113,
            "column": 9
          }
        },
        "line": 101
      },
      "11": {
        "name": "(anonymous_11)",
        "decl": {
          "start": {
            "line": 114,
            "column": 8
          },
          "end": {
            "line": 114,
            "column": 9
          }
        },
        "loc": {
          "start": {
            "line": 114,
            "column": 16
          },
          "end": {
            "line": 134,
            "column": 9
          }
        },
        "line": 114
      },
      "12": {
        "name": "(anonymous_12)",
        "decl": {
          "start": {
            "line": 117,
            "column": 51
          },
          "end": {
            "line": 117,
            "column": 52
          }
        },
        "loc": {
          "start": {
            "line": 117,
            "column": 60
          },
          "end": {
            "line": 131,
            "column": 13
          }
        },
        "line": 117
      },
      "13": {
        "name": "(anonymous_13)",
        "decl": {
          "start": {
            "line": 131,
            "column": 23
          },
          "end": {
            "line": 131,
            "column": 24
          }
        },
        "loc": {
          "start": {
            "line": 131,
            "column": 29
          },
          "end": {
            "line": 133,
            "column": 13
          }
        },
        "line": 131
      },
      "14": {
        "name": "(anonymous_14)",
        "decl": {
          "start": {
            "line": 135,
            "column": 8
          },
          "end": {
            "line": 135,
            "column": 9
          }
        },
        "loc": {
          "start": {
            "line": 135,
            "column": 30
          },
          "end": {
            "line": 137,
            "column": 9
          }
        },
        "line": 135
      },
      "15": {
        "name": "LoginPageComponent_Factory",
        "decl": {
          "start": {
            "line": 139,
            "column": 39
          },
          "end": {
            "line": 139,
            "column": 65
          }
        },
        "loc": {
          "start": {
            "line": 139,
            "column": 69
          },
          "end": {
            "line": 139,
            "column": 267
          }
        },
        "line": 139
      },
      "16": {
        "name": "LoginPageComponent_Template",
        "decl": {
          "start": {
            "line": 140,
            "column": 1530
          },
          "end": {
            "line": 140,
            "column": 1557
          }
        },
        "loc": {
          "start": {
            "line": 140,
            "column": 1567
          },
          "end": {
            "line": 212,
            "column": 9
          }
        },
        "line": 140
      }
    },
    "branchMap": {
      "0": {
        "loc": {
          "start": {
            "line": 16,
            "column": 4
          },
          "end": {
            "line": 21,
            "column": 5
          }
        },
        "type": "if",
        "locations": [
          {
            "start": {
              "line": 16,
              "column": 4
            },
            "end": {
              "line": 21,
              "column": 5
            }
          },
          {
            "start": {
              "line": 16,
              "column": 4
            },
            "end": {
              "line": 21,
              "column": 5
            }
          }
        ],
        "line": 16
      },
      "1": {
        "loc": {
          "start": {
            "line": 22,
            "column": 4
          },
          "end": {
            "line": 25,
            "column": 5
          }
        },
        "type": "if",
        "locations": [
          {
            "start": {
              "line": 22,
              "column": 4
            },
            "end": {
              "line": 25,
              "column": 5
            }
          },
          {
            "start": {
              "line": 22,
              "column": 4
            },
            "end": {
              "line": 25,
              "column": 5
            }
          }
        ],
        "line": 22
      },
      "2": {
        "loc": {
          "start": {
            "line": 28,
            "column": 4
          },
          "end": {
            "line": 33,
            "column": 5
          }
        },
        "type": "if",
        "locations": [
          {
            "start": {
              "line": 28,
              "column": 4
            },
            "end": {
              "line": 33,
              "column": 5
            }
          },
          {
            "start": {
              "line": 28,
              "column": 4
            },
            "end": {
              "line": 33,
              "column": 5
            }
          }
        ],
        "line": 28
      },
      "3": {
        "loc": {
          "start": {
            "line": 34,
            "column": 4
          },
          "end": {
            "line": 37,
            "column": 5
          }
        },
        "type": "if",
        "locations": [
          {
            "start": {
              "line": 34,
              "column": 4
            },
            "end": {
              "line": 37,
              "column": 5
            }
          },
          {
            "start": {
              "line": 34,
              "column": 4
            },
            "end": {
              "line": 37,
              "column": 5
            }
          }
        ],
        "line": 34
      },
      "4": {
        "loc": {
          "start": {
            "line": 40,
            "column": 4
          },
          "end": {
            "line": 45,
            "column": 5
          }
        },
        "type": "if",
        "locations": [
          {
            "start": {
              "line": 40,
              "column": 4
            },
            "end": {
              "line": 45,
              "column": 5
            }
          },
          {
            "start": {
              "line": 40,
              "column": 4
            },
            "end": {
              "line": 45,
              "column": 5
            }
          }
        ],
        "line": 40
      },
      "5": {
        "loc": {
          "start": {
            "line": 46,
            "column": 4
          },
          "end": {
            "line": 49,
            "column": 5
          }
        },
        "type": "if",
        "locations": [
          {
            "start": {
              "line": 46,
              "column": 4
            },
            "end": {
              "line": 49,
              "column": 5
            }
          },
          {
            "start": {
              "line": 46,
              "column": 4
            },
            "end": {
              "line": 49,
              "column": 5
            }
          }
        ],
        "line": 46
      },
      "6": {
        "loc": {
          "start": {
            "line": 52,
            "column": 4
          },
          "end": {
            "line": 57,
            "column": 5
          }
        },
        "type": "if",
        "locations": [
          {
            "start": {
              "line": 52,
              "column": 4
            },
            "end": {
              "line": 57,
              "column": 5
            }
          },
          {
            "start": {
              "line": 52,
              "column": 4
            },
            "end": {
              "line": 57,
              "column": 5
            }
          }
        ],
        "line": 52
      },
      "7": {
        "loc": {
          "start": {
            "line": 58,
            "column": 4
          },
          "end": {
            "line": 61,
            "column": 5
          }
        },
        "type": "if",
        "locations": [
          {
            "start": {
              "line": 58,
              "column": 4
            },
            "end": {
              "line": 61,
              "column": 5
            }
          },
          {
            "start": {
              "line": 58,
              "column": 4
            },
            "end": {
              "line": 61,
              "column": 5
            }
          }
        ],
        "line": 58
      },
      "8": {
        "loc": {
          "start": {
            "line": 64,
            "column": 4
          },
          "end": {
            "line": 66,
            "column": 5
          }
        },
        "type": "if",
        "locations": [
          {
            "start": {
              "line": 64,
              "column": 4
            },
            "end": {
              "line": 66,
              "column": 5
            }
          },
          {
            "start": {
              "line": 64,
              "column": 4
            },
            "end": {
              "line": 66,
              "column": 5
            }
          }
        ],
        "line": 64
      },
      "9": {
        "loc": {
          "start": {
            "line": 69,
            "column": 4
          },
          "end": {
            "line": 71,
            "column": 5
          }
        },
        "type": "if",
        "locations": [
          {
            "start": {
              "line": 69,
              "column": 4
            },
            "end": {
              "line": 71,
              "column": 5
            }
          },
          {
            "start": {
              "line": 69,
              "column": 4
            },
            "end": {
              "line": 71,
              "column": 5
            }
          }
        ],
        "line": 69
      },
      "10": {
        "loc": {
          "start": {
            "line": 74,
            "column": 4
          },
          "end": {
            "line": 78,
            "column": 5
          }
        },
        "type": "if",
        "locations": [
          {
            "start": {
              "line": 74,
              "column": 4
            },
            "end": {
              "line": 78,
              "column": 5
            }
          },
          {
            "start": {
              "line": 74,
              "column": 4
            },
            "end": {
              "line": 78,
              "column": 5
            }
          }
        ],
        "line": 74
      },
      "11": {
        "loc": {
          "start": {
            "line": 79,
            "column": 4
          },
          "end": {
            "line": 83,
            "column": 5
          }
        },
        "type": "if",
        "locations": [
          {
            "start": {
              "line": 79,
              "column": 4
            },
            "end": {
              "line": 83,
              "column": 5
            }
          },
          {
            "start": {
              "line": 79,
              "column": 4
            },
            "end": {
              "line": 83,
              "column": 5
            }
          }
        ],
        "line": 79
      },
      "12": {
        "loc": {
          "start": {
            "line": 86,
            "column": 4
          },
          "end": {
            "line": 93,
            "column": 5
          }
        },
        "type": "if",
        "locations": [
          {
            "start": {
              "line": 86,
              "column": 4
            },
            "end": {
              "line": 93,
              "column": 5
            }
          },
          {
            "start": {
              "line": 86,
              "column": 4
            },
            "end": {
              "line": 93,
              "column": 5
            }
          }
        ],
        "line": 86
      },
      "13": {
        "loc": {
          "start": {
            "line": 94,
            "column": 4
          },
          "end": {
            "line": 97,
            "column": 5
          }
        },
        "type": "if",
        "locations": [
          {
            "start": {
              "line": 94,
              "column": 4
            },
            "end": {
              "line": 97,
              "column": 5
            }
          },
          {
            "start": {
              "line": 94,
              "column": 4
            },
            "end": {
              "line": 97,
              "column": 5
            }
          }
        ],
        "line": 94
      },
      "14": {
        "loc": {
          "start": {
            "line": 118,
            "column": 16
          },
          "end": {
            "line": 130,
            "column": 17
          }
        },
        "type": "switch",
        "locations": [
          {
            "start": {
              "line": 119,
              "column": 20
            },
            "end": {
              "line": 119,
              "column": 46
            }
          },
          {
            "start": {
              "line": 120,
              "column": 20
            },
            "end": {
              "line": 120,
              "column": 46
            }
          },
          {
            "start": {
              "line": 121,
              "column": 20
            },
            "end": {
              "line": 123,
              "column": 30
            }
          },
          {
            "start": {
              "line": 124,
              "column": 20
            },
            "end": {
              "line": 126,
              "column": 30
            }
          },
          {
            "start": {
              "line": 127,
              "column": 20
            },
            "end": {
              "line": 129,
              "column": 30
            }
          }
        ],
        "line": 118
      },
      "15": {
        "loc": {
          "start": {
            "line": 118,
            "column": 24
          },
          "end": {
            "line": 118,
            "column": 80
          }
        },
        "type": "cond-expr",
        "locations": [
          {
            "start": {
              "line": 118,
              "column": 61
            },
            "end": {
              "line": 118,
              "column": 67
            }
          },
          {
            "start": {
              "line": 118,
              "column": 70
            },
            "end": {
              "line": 118,
              "column": 80
            }
          }
        ],
        "line": 118
      },
      "16": {
        "loc": {
          "start": {
            "line": 118,
            "column": 24
          },
          "end": {
            "line": 118,
            "column": 58
          }
        },
        "type": "binary-expr",
        "locations": [
          {
            "start": {
              "line": 118,
              "column": 24
            },
            "end": {
              "line": 118,
              "column": 38
            }
          },
          {
            "start": {
              "line": 118,
              "column": 42
            },
            "end": {
              "line": 118,
              "column": 58
            }
          }
        ],
        "line": 118
      },
      "17": {
        "loc": {
          "start": {
            "line": 139,
            "column": 83
          },
          "end": {
            "line": 139,
            "column": 106
          }
        },
        "type": "binary-expr",
        "locations": [
          {
            "start": {
              "line": 139,
              "column": 83
            },
            "end": {
              "line": 139,
              "column": 84
            }
          },
          {
            "start": {
              "line": 139,
              "column": 88
            },
            "end": {
              "line": 139,
              "column": 106
            }
          }
        ],
        "line": 139
      },
      "18": {
        "loc": {
          "start": {
            "line": 141,
            "column": 12
          },
          "end": {
            "line": 189,
            "column": 13
          }
        },
        "type": "if",
        "locations": [
          {
            "start": {
              "line": 141,
              "column": 12
            },
            "end": {
              "line": 189,
              "column": 13
            }
          },
          {
            "start": {
              "line": 141,
              "column": 12
            },
            "end": {
              "line": 189,
              "column": 13
            }
          }
        ],
        "line": 141
      },
      "19": {
        "loc": {
          "start": {
            "line": 190,
            "column": 12
          },
          "end": {
            "line": 211,
            "column": 13
          }
        },
        "type": "if",
        "locations": [
          {
            "start": {
              "line": 190,
              "column": 12
            },
            "end": {
              "line": 211,
              "column": 13
            }
          },
          {
            "start": {
              "line": 190,
              "column": 12
            },
            "end": {
              "line": 211,
              "column": 13
            }
          }
        ],
        "line": 190
      },
      "20": {
        "loc": {
          "start": {
            "line": 200,
            "column": 38
          },
          "end": {
            "line": 200,
            "column": 149
          }
        },
        "type": "cond-expr",
        "locations": [
          {
            "start": {
              "line": 200,
              "column": 87
            },
            "end": {
[...]
    "path": "/home/andre/personal-projects/turma-de-elite-frontend/src/app/shared/model/user.ts",
    "statementMap": {},
    "fnMap": {},
    "branchMap": {},
    "s": {},
    "f": {},
    "b": {}
  },
  "/home/andre/personal-projects/turma-de-elite-frontend/instrumented/app/admin/configuration/components/configuration.component.ts": {
    "path": "/home/andre/personal-projects/turma-de-elite-frontend/instrumented/app/admin/configuration/components/configuration.component.ts",
    "statementMap": {},
    "fnMap": {},
    "branchMap": {},
    "s": {},
    "f": {},
    "b": {}
  },
  "/home/andre/personal-projects/turma-de-elite-frontend/instrumented/app/admin/manager/services/manager.service.spec.ts": {
    "path": "/home/andre/personal-projects/turma-de-elite-frontend/instrumented/app/admin/manager/services/manager.service.spec.ts",
    "statementMap": {},
    "fnMap": {},
    "branchMap": {},
    "s": {},
    "f": {},
    "b": {}
  },
  "/home/andre/personal-projects/turma-de-elite-frontend/instrumented/app/admin/manager/services/manager.service.ts": {
    "path": "/home/andre/personal-projects/turma-de-elite-frontend/instrumented/app/admin/manager/services/manager.service.ts",
    "statementMap": {},
    "fnMap": {},
    "branchMap": {},
    "s": {},
    "f": {},
    "b": {}
  },
  "/home/andre/personal-projects/turma-de-elite-frontend/instrumented/app/admin/schools/services/school.service.spec.ts": {
    "path": "/home/andre/personal-projects/turma-de-elite-frontend/instrumented/app/admin/schools/services/school.service.spec.ts",
    "statementMap": {},
    "fnMap": {},
    "branchMap": {},
    "s": {},
    "f": {},
    "b": {}
  },
  "/home/andre/personal-projects/turma-de-elite-frontend/instrumented/app/admin/schools/services/school.service.ts": {
    "path": "/home/andre/personal-projects/turma-de-elite-frontend/instrumented/app/admin/schools/services/school.service.ts",
    "statementMap": {},
    "fnMap": {},
    "branchMap": {},
    "s": {},
    "f": {},
    "b": {}
  },
  "/home/andre/personal-projects/turma-de-elite-frontend/instrumented/app/admin/users/services/users.service.spec.ts": {
    "path": "/home/andre/personal-projects/turma-de-elite-frontend/instrumented/app/admin/users/services/users.service.spec.ts",
    "statementMap": {},
    "fnMap": {},
    "branchMap": {},
    "s": {},
    "f": {},
    "b": {}
  },
  "/home/andre/personal-projects/turma-de-elite-frontend/instrumented/app/admin/users/services/users.service.ts": {
    "path": "/home/andre/personal-projects/turma-de-elite-frontend/instrumented/app/admin/users/services/users.service.ts",
    "statementMap": {},
    "fnMap": {},
    "branchMap": {},
    "s": {},
    "f": {},
    "b": {}
  },
  "/home/andre/personal-projects/turma-de-elite-frontend/instrumented/app/authentication/components/first-access/first-access-page.component.ts": {
    "path": "/home/andre/personal-projects/turma-de-elite-frontend/instrumented/app/authentication/components/first-access/first-access-page.component.ts",
    "statementMap": {},
    "fnMap": {},
    "branchMap": {},
    "s": {},
    "f": {},
    "b": {}
  },
  "/home/andre/personal-projects/turma-de-elite-frontend/instrumented/app/authentication/components/first-access-already-done/first-access-already-done.component.ts": {
    "path": "/home/andre/personal-projects/turma-de-elite-frontend/instrumented/app/authentication/components/first-access-already-done/first-access-already-done.component.ts",
    "statementMap": {},
    "fnMap": {},
    "branchMap": {},
    "s": {},
    "f": {},
    "b": {}
  },
  "/home/andre/personal-projects/turma-de-elite-frontend/instrumented/app/authentication/components/login-page/login-page.component.ts": {
    "path": "/home/andre/personal-projects/turma-de-elite-frontend/instrumented/app/authentication/components/login-page/login-page.component.ts",
    "statementMap": {},
    "fnMap": {},
    "branchMap": {},
    "s": {},
    "f": {},
    "b": {}
  },
  "/home/andre/personal-projects/turma-de-elite-frontend/instrumented/app/authentication/components/reset-password/reset-password.component.ts": {
    "path": "/home/andre/personal-projects/turma-de-elite-frontend/instrumented/app/authentication/components/reset-password/reset-password.component.ts",
    "statementMap": {},
    "fnMap": {},
    "branchMap": {},
    "s": {},
    "f": {},
    "b": {}
  },
  "/home/andre/personal-projects/turma-de-elite-frontend/instrumented/app/manager/teacher/services/teacher.service.spec.ts": {
    "path": "/home/andre/personal-projects/turma-de-elite-frontend/instrumented/app/manager/teacher/services/teacher.service.spec.ts",
    "statementMap": {},
    "fnMap": {},
    "branchMap": {},
    "s": {},
    "f": {},
    "b": {}
  },
  "/home/andre/personal-projects/turma-de-elite-frontend/instrumented/app/manager/teacher/services/teacher.service.ts": {
    "path": "/home/andre/personal-projects/turma-de-elite-frontend/instrumented/app/manager/teacher/services/teacher.service.ts",
    "statementMap": {},
    "fnMap": {},
    "branchMap": {},
    "s": {},
    "f": {},
    "b": {}
  },
  "/home/andre/personal-projects/turma-de-elite-frontend/instrumented/app/shared/components/dashboard-navigator-button/dashboard-navigator-button.component.spec.ts": {
    "path": "/home/andre/personal-projects/turma-de-elite-frontend/instrumented/app/shared/components/dashboard-navigator-button/dashboard-navigator-button.component.spec.ts",
    "statementMap": {},
    "fnMap": {},
    "branchMap": {},
    "s": {},
    "f": {},
    "b": {}
  },
  "/home/andre/personal-projects/turma-de-elite-frontend/instrumented/app/shared/components/dashboard-navigator-button/dashboard-navigator-button.component.ts": {
    "path": "/home/andre/personal-projects/turma-de-elite-frontend/instrumented/app/shared/components/dashboard-navigator-button/dashboard-navigator-button.component.ts",
    "statementMap": {},
    "fnMap": {},
    "branchMap": {},
    "s": {},
    "f": {},
    "b": {}
  },
  "/home/andre/personal-projects/turma-de-elite-frontend/src/app/admin/manager/services/manager.service.spec.ts": {
    "path": "/home/andre/personal-projects/turma-de-elite-frontend/src/app/admin/manager/services/manager.service.spec.ts",
    "statementMap": {},
    "fnMap": {},
    "branchMap": {},
    "s": {},
    "f": {},
    "b": {}
  },
  "/home/andre/personal-projects/turma-de-elite-frontend/src/app/admin/schools/services/school.service.spec.ts": {
    "path": "/home/andre/personal-projects/turma-de-elite-frontend/src/app/admin/schools/services/school.service.spec.ts",
    "statementMap": {},
    "fnMap": {},
    "branchMap": {},
    "s": {},
    "f": {},
    "b": {}
  },
  "/home/andre/personal-projects/turma-de-elite-frontend/src/app/admin/users/services/users.service.spec.ts": {
    "path": "/home/andre/personal-projects/turma-de-elite-frontend/src/app/admin/users/services/users.service.spec.ts",
    "statementMap": {},
    "fnMap": {},
    "branchMap": {},
    "s": {},
    "f": {},
    "b": {}
  },
  "/home/andre/personal-projects/turma-de-elite-frontend/src/app/manager/teacher/services/teacher.service.spec.ts": {
    "path": "/home/andre/personal-projects/turma-de-elite-frontend/src/app/manager/teacher/services/teacher.service.spec.ts",
    "statementMap": {},
    "fnMap": {},
    "branchMap": {},
    "s": {},
    "f": {},
    "b": {}
  },
  "/home/andre/personal-projects/turma-de-elite-frontend/src/app/shared/components/dashboard-navigator-button/dashboard-navigator-button.component.spec.ts": {
    "path": "/home/andre/personal-projects/turma-de-elite-frontend/src/app/shared/components/dashboard-navigator-button/dashboard-navigator-button.component.spec.ts",
    "statementMap": {},
    "fnMap": {},
    "branchMap": {},
    "s": {},
    "f": {},
    "b": {}
  },
  "/home/andre/personal-projects/turma-de-elite-frontend/instrumented/app/admin/dashboard/components/admin-dashboard/admin-dashboard.component.ts": {
    "path": "/home/andre/personal-projects/turma-de-elite-frontend/instrumented/app/admin/dashboard/components/admin-dashboard/admin-dashboard.component.ts",
    "statementMap": {},
    "fnMap": {},
    "branchMap": {},
    "s": {},
    "f": {},
    "b": {}
  },
  "/home/andre/personal-projects/turma-de-elite-frontend/instrumented/app/admin/manager/components/manager-form/manager-form.component.spec.ts": {
    "path": "/home/andre/personal-projects/turma-de-elite-frontend/instrumented/app/admin/manager/components/manager-form/manager-form.component.spec.ts",
    "statementMap": {},
    "fnMap": {},
    "branchMap": {},
    "s": {},
    "f": {},
    "b": {}
  },
  "/home/andre/personal-projects/turma-de-elite-frontend/instrumented/app/admin/manager/components/manager-form/manager-form.component.ts": {
    "path": "/home/andre/personal-projects/turma-de-elite-frontend/instrumented/app/admin/manager/components/manager-form/manager-form.component.ts",
    "statementMap": {},
    "fnMap": {},
    "branchMap": {},
    "s": {},
    "f": {},
    "b": {}
  },
  "/home/andre/personal-projects/turma-de-elite-frontend/instrumented/app/admin/manager/components/manager-page/manager-page.component.spec.ts": {
    "path": "/home/andre/personal-projects/turma-de-elite-frontend/instrumented/app/admin/manager/components/manager-page/manager-page.component.spec.ts",
    "statementMap": {},
    "fnMap": {},
    "branchMap": {},
    "s": {},
    "f": {},
    "b": {}
  },
  "/home/andre/personal-projects/turma-de-elite-frontend/instrumented/app/admin/manager/components/manager-page/manager-page.component.ts": {
    "path": "/home/andre/personal-projects/turma-de-elite-frontend/instrumented/app/admin/manager/components/manager-page/manager-page.component.ts",
    "statementMap": {},
    "fnMap": {},
    "branchMap": {},
    "s": {},
    "f": {},
    "b": {}
  },
  "/home/andre/personal-projects/turma-de-elite-frontend/instrumented/app/admin/schools/components/school-form/school-form.component.spec.ts": {
    "path": "/home/andre/personal-projects/turma-de-elite-frontend/instrumented/app/admin/schools/components/school-form/school-form.component.spec.ts",
    "statementMap": {},
    "fnMap": {},
    "branchMap": {},
    "s": {},
    "f": {},
    "b": {}
  },
  "/home/andre/personal-projects/turma-de-elite-frontend/instrumented/app/admin/schools/components/school-form/school-form.component.ts": {
    "path": "/home/andre/personal-projects/turma-de-elite-frontend/instrumented/app/admin/schools/components/school-form/school-form.component.ts",
    "statementMap": {},
    "fnMap": {},
    "branchMap": {},
    "s": {},
    "f": {},
    "b": {}
  },
  "/home/andre/personal-projects/turma-de-elite-frontend/instrumented/app/admin/schools/components/schools-page/schools-page.component.spec.ts": {
    "path": "/home/andre/personal-projects/turma-de-elite-frontend/instrumented/app/admin/schools/components/schools-page/schools-page.component.spec.ts",
    "statementMap": {},
    "fnMap": {},
    "branchMap": {},
    "s": {},
    "f": {},
    "b": {}
  },
  "/home/andre/personal-projects/turma-de-elite-frontend/instrumented/app/admin/schools/components/schools-page/schools-page.component.ts": {
    "path": "/home/andre/personal-projects/turma-de-elite-frontend/instrumented/app/admin/schools/components/schools-page/schools-page.component.ts",
    "statementMap": {},
    "fnMap": {},
    "branchMap": {},
    "s": {},
    "f": {},
    "b": {}
  },
  "/home/andre/personal-projects/turma-de-elite-frontend/instrumented/app/admin/users/components/user-form/user-form.component.ts": {
    "path": "/home/andre/personal-projects/turma-de-elite-frontend/instrumented/app/admin/users/components/user-form/user-form.component.ts",
    "statementMap": {},
    "fnMap": {},
    "branchMap": {},
    "s": {},
    "f": {},
    "b": {}
  },
  "/home/andre/personal-projects/turma-de-elite-frontend/instrumented/app/admin/users/components/users-page/users-page.component.ts": {
    "path": "/home/andre/personal-projects/turma-de-elite-frontend/instrumented/app/admin/users/components/users-page/users-page.component.ts",
    "statementMap": {},
    "fnMap": {},
    "branchMap": {},
    "s": {},
    "f": {},
    "b": {}
  },
  "/home/andre/personal-projects/turma-de-elite-frontend/instrumented/app/manager/achievement/components/achievement-form/achievement-form.component.spec.ts": {
    "path": "/home/andre/personal-projects/turma-de-elite-frontend/instrumented/app/manager/achievement/components/achievement-form/achievement-form.component.spec.ts",
    "statementMap": {},
    "fnMap": {},
    "branchMap": {},
    "s": {},
    "f": {},
    "b": {}
  },
  "/home/andre/personal-projects/turma-de-elite-frontend/instrumented/app/manager/achievement/components/achievement-form/achievement-form.component.ts": {
    "path": "/home/andre/personal-projects/turma-de-elite-frontend/instrumented/app/manager/achievement/components/achievement-form/achievement-form.component.ts",
    "statementMap": {},
    "fnMap": {},
    "branchMap": {},
    "s": {},
    "f": {},
    "b": {}
  },
  "/home/andre/personal-projects/turma-de-elite-frontend/instrumented/app/manager/achievement/components/achievement-page/achievement-page.component.spec.ts": {
    "path": "/home/andre/personal-projects/turma-de-elite-frontend/instrumented/app/manager/achievement/components/achievement-page/achievement-page.component.spec.ts",
    "statementMap": {},
    "fnMap": {},
    "branchMap": {},
    "s": {},
    "f": {},
    "b": {}
  },
  "/home/andre/personal-projects/turma-de-elite-frontend/instrumented/app/manager/achievement/components/achievement-page/achievement-page.component.ts": {
    "path": "/home/andre/personal-projects/turma-de-elite-frontend/instrumented/app/manager/achievement/components/achievement-page/achievement-page.component.ts",
    "statementMap": {},
    "fnMap": {},
    "branchMap": {},
    "s": {},
    "f": {},
    "b": {}
  },
  "/home/andre/personal-projects/turma-de-elite-frontend/instrumented/app/manager/dashboard/components/manager-dashboard/manager-dashboard.component.spec.ts": {
    "path": "/home/andre/personal-projects/turma-de-elite-frontend/instrumented/app/manager/dashboard/components/manager-dashboard/manager-dashboard.component.spec.ts",
    "statementMap": {},
    "fnMap": {},
    "branchMap": {},
    "s": {},
    "f": {},
    "b": {}
  },
  "/home/andre/personal-projects/turma-de-elite-frontend/instrumented/app/manager/dashboard/components/manager-dashboard/manager-dashboard.component.ts": {
    "path": "/home/andre/personal-projects/turma-de-elite-frontend/instrumented/app/manager/dashboard/components/manager-dashboard/manager-dashboard.component.ts",
    "statementMap": {},
    "fnMap": {},
    "branchMap": {},
    "s": {},
    "f": {},
    "b": {}
  },
  "/home/andre/personal-projects/turma-de-elite-frontend/instrumented/app/manager/teacher/components/teacher-form/teacher-form.component.spec.ts": {
    "path": "/home/andre/personal-projects/turma-de-elite-frontend/instrumented/app/manager/teacher/components/teacher-form/teacher-form.component.spec.ts",
    "statementMap": {},
    "fnMap": {},
    "branchMap": {},
    "s": {},
    "f": {},
    "b": {}
  },
  "/home/andre/personal-projects/turma-de-elite-frontend/instrumented/app/manager/teacher/components/teacher-form/teacher-form.component.ts": {
    "path": "/home/andre/personal-projects/turma-de-elite-frontend/instrumented/app/manager/teacher/components/teacher-form/teacher-form.component.ts",
    "statementMap": {},
    "fnMap": {},
    "branchMap": {},
    "s": {},
    "f": {},
    "b": {}
  },
  "/home/andre/personal-projects/turma-de-elite-frontend/instrumented/app/manager/teacher/components/teacher-page/teacher-page.component.spec.ts": {
    "path": "/home/andre/personal-projects/turma-de-elite-frontend/instrumented/app/manager/teacher/components/teacher-page/teacher-page.component.spec.ts",
    "statementMap": {},
    "fnMap": {},
    "branchMap": {},
    "s": {},
    "f": {},
    "b": {}
  },
  "/home/andre/personal-projects/turma-de-elite-frontend/instrumented/app/manager/teacher/components/teacher-page/teacher-page.component.ts": {
    "path": "/home/andre/personal-projects/turma-de-elite-frontend/instrumented/app/manager/teacher/components/teacher-page/teacher-page.component.ts",
    "statementMap": {},
    "fnMap": {},
    "branchMap": {},
    "s": {},
    "f": {},
    "b": {}
  },
  "/home/andre/personal-projects/turma-de-elite-frontend/src/app/admin/manager/components/manager-form/manager-form.component.spec.ts": {
    "path": "/home/andre/personal-projects/turma-de-elite-frontend/src/app/admin/manager/components/manager-form/manager-form.component.spec.ts",
    "statementMap": {},
    "fnMap": {},
    "branchMap": {},
    "s": {},
    "f": {},
    "b": {}
  },
  "/home/andre/personal-projects/turma-de-elite-frontend/src/app/admin/manager/components/manager-page/manager-page.component.spec.ts": {
    "path": "/home/andre/personal-projects/turma-de-elite-frontend/src/app/admin/manager/components/manager-page/manager-page.component.spec.ts",
    "statementMap": {},
    "fnMap": {},
    "branchMap": {},
    "s": {},
    "f": {},
    "b": {}
  },
  "/home/andre/personal-projects/turma-de-elite-frontend/src/app/admin/schools/components/school-form/school-form.component.spec.ts": {
    "path": "/home/andre/personal-projects/turma-de-elite-frontend/src/app/admin/schools/components/school-form/school-form.component.spec.ts",
    "statementMap": {},
    "fnMap": {},
    "branchMap": {},
    "s": {},
    "f": {},
    "b": {}
  },
  "/home/andre/personal-projects/turma-de-elite-frontend/src/app/admin/schools/components/schools-page/schools-page.component.spec.ts": {
    "path": "/home/andre/personal-projects/turma-de-elite-frontend/src/app/admin/schools/components/schools-page/schools-page.component.spec.ts",
    "statementMap": {},
    "fnMap": {},
    "branchMap": {},
    "s": {},
    "f": {},
    "b": {}
  },
  "/home/andre/personal-projects/turma-de-elite-frontend/src/app/manager/achievement/components/achievement-form/achievement-form.component.spec.ts": {
    "path": "/home/andre/personal-projects/turma-de-elite-frontend/src/app/manager/achievement/components/achievement-form/achievement-form.component.spec.ts",
    "statementMap": {},
    "fnMap": {},
    "branchMap": {},
    "s": {},
    "f": {},
    "b": {}
  },
  "/home/andre/personal-projects/turma-de-elite-frontend/src/app/manager/achievement/components/achievement-page/achievement-page.component.spec.ts": {
    "path": "/home/andre/personal-projects/turma-de-elite-frontend/src/app/manager/achievement/components/achievement-page/achievement-page.component.spec.ts",
    "statementMap": {},
    "fnMap": {},
    "branchMap": {},
    "s": {},
    "f": {},
    "b": {}
  },
  "/home/andre/personal-projects/turma-de-elite-frontend/src/app/manager/dashboard/components/manager-dashboard/manager-dashboard.component.spec.ts": {
    "path": "/home/andre/personal-projects/turma-de-elite-frontend/src/app/manager/dashboard/components/manager-dashboard/manager-dashboard.component.spec.ts",
    "statementMap": {},
    "fnMap": {},
    "branchMap": {},
    "s": {},
    "f": {},
    "b": {}
  },
  "/home/andre/personal-projects/turma-de-elite-frontend/src/app/manager/teacher/components/teacher-form/teacher-form.component.spec.ts": {
    "path": "/home/andre/personal-projects/turma-de-elite-frontend/src/app/manager/teacher/components/teacher-form/teacher-form.component.spec.ts",
    "statementMap": {},
    "fnMap": {},
    "branchMap": {},
    "s": {},
    "f": {},
    "b": {}
  },
  "/home/andre/personal-projects/turma-de-elite-frontend/src/app/manager/teacher/components/teacher-page/teacher-page.component.spec.ts": {
    "path": "/home/andre/personal-projects/turma-de-elite-frontend/src/app/manager/teacher/components/teacher-page/teacher-page.component.spec.ts",
    "statementMap": {},
    "fnMap": {},
    "branchMap": {},
    "s": {},
    "f": {},
    "b": {}
  }
}
